
=== Wed Apr 13 18:51:53 2022

Packages were changed.
Update Mode: updateDependencies

The following packages were updated:
  com.unity.2d.animation from version 5.0.9 to 5.2.0
  com.unity.2d.psdimporter from version 4.1.2 to 4.3.0
  com.unity.2d.spriteshape from version 5.1.6 to 5.3.0
  com.unity.collab-proxy from version 1.15.4 to 1.15.15
  com.unity.ide.visualstudio from version 2.0.12 to 2.0.14
  com.unity.ide.vscode from version 1.2.4 to 1.2.5
  com.unity.test-framework from version 1.1.29 to 1.1.31

=== Thu Nov  9 17:30:50 2023

Packages were changed.
Update Mode: updateDependencies

The following packages were added:
  com.unity.ai.navigation@1.1.5
The following packages were updated:
  com.unity.2d.animation from version 5.2.0 to 10.0.3
  com.unity.2d.pixel-perfect from version 4.0.1 to 5.0.3
  com.unity.2d.psdimporter from version 4.3.0 to 9.0.1
  com.unity.2d.spriteshape from version 5.3.0 to 10.0.2
  com.unity.collab-proxy from version 1.15.15 to 2.1.0
  com.unity.ide.rider from version 2.0.7 to 3.0.25
  com.unity.ide.visualstudio from version 2.0.14 to 2.0.21
  com.unity.postprocessing from version 3.2.0 to 3.3.0
  com.unity.test-framework from version 1.1.31 to 1.3.9
  com.unity.timeline from version 1.4.8 to 1.8.2
